<?xml version="1.0" encoding="UTF-8"?>
<!-- Generated by org.testng.reporters.JUnitXMLReporter -->
<testsuite ignored="1" hostname="Card91s-MacBook-Air-6.local" failures="2" tests="18" name="Card91OverallFlow" time="5.382" errors="0" timestamp="2023-01-05T17:55:17 IST">
  <testcase classname="testNG.Card91OverallFlow" name="Login" time="0.0">
    <failure type="org.testng.TestNGException" message="
Parameter &amp;apos;emal&amp;apos; is required by @Test on method Login but has not been marked @Optional or defined
in /Users/card91/eclipse-workspace/MPAdminLogin/src/testng.xml">
      <![CDATA[org.testng.TestNGException: 
Parameter 'emal' is required by @Test on method Login but has not been marked @Optional or defined
in /Users/card91/eclipse-workspace/MPAdminLogin/src/testng.xml
at java.base/java.util.ArrayList.forEach(ArrayList.java:1511)
... Removed 26 stack frames]]>
    </failure>
  </testcase> <!-- Login -->
  <testcase classname="testNG.Card91OverallFlow" name="Load_Money_to_Org" time="5.211">
    <failure type="org.openqa.selenium.NoSuchElementException" message="no such element: Unable to locate element: {&amp;quot;method&amp;quot;:&amp;quot;xpath&amp;quot;,&amp;quot;selector&amp;quot;:&amp;quot;//*[@class=&amp;quot;hover-pointer&amp;quot;]&amp;quot;}
  (Session info: chrome=108.0.5359.124)
For documentation on this error, please visit: https://selenium.dev/exceptions/#no_such_element
Build info: version: &amp;apos;4.7.2&amp;apos;, revision: &amp;apos;4d4020c3b7&amp;apos;
System info: os.name: &amp;apos;Mac OS X&amp;apos;, os.arch: &amp;apos;x86_64&amp;apos;, os.version: &amp;apos;13.0&amp;apos;, java.version: &amp;apos;17.0.1&amp;apos;
Driver info: org.openqa.selenium.chrome.ChromeDriver
Command: [b17f36b3effdc44396a27e8e6eb7b1f5, findElement {using=xpath, value=//*[@class=&amp;quot;hover-pointer&amp;quot;]}]
Capabilities {acceptInsecureCerts: false, browserName: chrome, browserVersion: 108.0.5359.124, chrome: {chromedriverVersion: 108.0.5359.71 (1e0e3868ee06..., userDataDir: /var/folders/04/jv7ns3tj6w3...}, goog:chromeOptions: {debuggerAddress: localhost:49654}, networkConnectionEnabled: false, pageLoadStrategy: normal, platformName: MAC, proxy: Proxy(), se:cdp: ws://localhost:49654/devtoo..., se:cdpVersion: 108.0.5359.124, setWindowRect: true, strictFileInteractability: false, timeouts: {implicit: 0, pageLoad: 300000, script: 30000}, unhandledPromptBehavior: dismiss and notify, webauthn:extension:credBlob: true, webauthn:extension:largeBlob: true, webauthn:virtualAuthenticators: true}
Session ID: b17f36b3effdc44396a27e8e6eb7b1f5">
      <![CDATA[org.openqa.selenium.NoSuchElementException: no such element: Unable to locate element: {"method":"xpath","selector":"//*[@class="hover-pointer"]"}
  (Session info: chrome=108.0.5359.124)
For documentation on this error, please visit: https://selenium.dev/exceptions/#no_such_element
Build info: version: '4.7.2', revision: '4d4020c3b7'
System info: os.name: 'Mac OS X', os.arch: 'x86_64', os.version: '13.0', java.version: '17.0.1'
Driver info: org.openqa.selenium.chrome.ChromeDriver
Command: [b17f36b3effdc44396a27e8e6eb7b1f5, findElement {using=xpath, value=//*[@class="hover-pointer"]}]
Capabilities {acceptInsecureCerts: false, browserName: chrome, browserVersion: 108.0.5359.124, chrome: {chromedriverVersion: 108.0.5359.71 (1e0e3868ee06..., userDataDir: /var/folders/04/jv7ns3tj6w3...}, goog:chromeOptions: {debuggerAddress: localhost:49654}, networkConnectionEnabled: false, pageLoadStrategy: normal, platformName: MAC, proxy: Proxy(), se:cdp: ws://localhost:49654/devtoo..., se:cdpVersion: 108.0.5359.124, setWindowRect: true, strictFileInteractability: false, timeouts: {implicit: 0, pageLoad: 300000, script: 30000}, unhandledPromptBehavior: dismiss and notify, webauthn:extension:credBlob: true, webauthn:extension:largeBlob: true, webauthn:virtualAuthenticators: true}
Session ID: b17f36b3effdc44396a27e8e6eb7b1f5
at org.openqa.selenium.remote.codec.w3c.W3CHttpResponseCodec.createException(W3CHttpResponseCodec.java:200)
at org.openqa.selenium.remote.codec.w3c.W3CHttpResponseCodec.decode(W3CHttpResponseCodec.java:133)
at org.openqa.selenium.remote.codec.w3c.W3CHttpResponseCodec.decode(W3CHttpResponseCodec.java:53)
at org.openqa.selenium.remote.HttpCommandExecutor.execute(HttpCommandExecutor.java:184)
at org.openqa.selenium.remote.service.DriverCommandExecutor.invokeExecute(DriverCommandExecutor.java:167)
at org.openqa.selenium.remote.service.DriverCommandExecutor.execute(DriverCommandExecutor.java:142)
at org.openqa.selenium.remote.RemoteWebDriver.execute(RemoteWebDriver.java:535)
at org.openqa.selenium.remote.ElementLocation$ElementFinder$2.findElement(ElementLocation.java:162)
at org.openqa.selenium.remote.ElementLocation.findElement(ElementLocation.java:60)
at org.openqa.selenium.remote.RemoteWebDriver.findElement(RemoteWebDriver.java:351)
at org.openqa.selenium.remote.RemoteWebDriver.findElement(RemoteWebDriver.java:343)
at testNG.Card91OverallFlow.Load_Money_to_Org(Card91OverallFlow.java:120)
at java.base/java.util.ArrayList.forEach(ArrayList.java:1511)
... Removed 32 stack frames]]>
    </failure>
  </testcase> <!-- Load_Money_to_Org -->
  <testcase classname="testNG.Card91OverallFlow" name="CardProgram_Creation" time="0.0">
    <skipped/>
  </testcase> <!-- CardProgram_Creation -->
  <testcase classname="testNG.Card91OverallFlow" name="Card_Creation" time="0.0">
    <skipped/>
  </testcase> <!-- Card_Creation -->
  <testcase classname="testNG.Card91OverallFlow" name="KYCPortal" time="0.0">
    <skipped/>
  </testcase> <!-- KYCPortal -->
  <testcase classname="testNG.Card91OverallFlow" name="Load_Moneyto_Card" time="0.001">
    <skipped/>
  </testcase> <!-- Load_Moneyto_Card -->
  <testcase classname="testNG.Card91OverallFlow" name="Demo_Txn" time="0.0">
    <skipped/>
  </testcase> <!-- Demo_Txn -->
  <testcase classname="testNG.Card91OverallFlow" name="Freeze_Unfreeze_the_Card" time="0.0">
    <skipped/>
  </testcase> <!-- Freeze_Unfreeze_the_Card -->
  <testcase classname="testNG.Card91OverallFlow" name="Block_the_Card" time="0.0">
    <skipped/>
  </testcase> <!-- Block_the_Card -->
  <testcase classname="testNG.Card91OverallFlow" name="Sub_Org_Creation" time="0.0">
    <skipped/>
  </testcase> <!-- Sub_Org_Creation -->
  <testcase classname="testNG.Card91OverallFlow" name="Allocate_Money_to_SubOrg" time="0.0">
    <skipped/>
  </testcase> <!-- Allocate_Money_to_SubOrg -->
  <testcase classname="testNG.Card91OverallFlow" name="Add_Admin" time="0.0">
    <skipped/>
  </testcase> <!-- Add_Admin -->
  <testcase classname="testNG.Card91OverallFlow" name="Block_Admin" time="0.0">
    <skipped/>
  </testcase> <!-- Block_Admin -->
  <testcase classname="testNG.Card91OverallFlow" name="Delete_Admin" time="0.0">
    <skipped/>
  </testcase> <!-- Delete_Admin -->
  <testcase classname="testNG.Card91OverallFlow" name="Add_Webhook" time="0.0">
    <skipped/>
  </testcase> <!-- Add_Webhook -->
  <testcase classname="testNG.Card91OverallFlow" name="Edit_Webhook" time="0.0">
    <skipped/>
  </testcase> <!-- Edit_Webhook -->
  <testcase classname="testNG.Card91OverallFlow" name="Test_Webhook" time="0.0">
    <skipped/>
  </testcase> <!-- Test_Webhook -->
  <testcase classname="testNG.Card91OverallFlow" name="Delete_Webhook" time="0.0">
    <skipped/>
  </testcase> <!-- Delete_Webhook -->
  <testcase classname="testNG.Card91OverallFlow" name="OrgCreation" time="0.0">
    <ignored/>
  </testcase> <!-- OrgCreation -->
</testsuite> <!-- Card91OverallFlow -->
