<?xml version="1.0" encoding="UTF-8"?>
<!-- Generated by org.testng.reporters.JUnitReportReporter -->
<testsuite hostname="Card91s-MacBook-Air-6.local" failures="0" tests="19" name="testNG.LoginCard91" time="165.096" errors="1" timestamp="2023-01-05T16:10:28 IST" skipped="10">
  <testcase classname="testNG.LoginCard91" name="CardProgram_Creation" time="38.796"/>
  <system-out/>
  <testcase classname="testNG.LoginCard91" name="Add_Admin" time="0.000">
    <skipped/>
  </testcase> <!-- Add_Admin -->
  <system-out/>
  <testcase classname="testNG.LoginCard91" name="Test_Webhook" time="0.000">
    <skipped/>
  </testcase> <!-- Test_Webhook -->
  <system-out/>
  <testcase classname="testNG.LoginCard91" name="Block_Admin" time="0.000">
    <skipped/>
  </testcase> <!-- Block_Admin -->
  <system-out/>
  <testcase classname="testNG.LoginCard91" name="Add_Webhook" time="0.000">
    <skipped/>
  </testcase> <!-- Add_Webhook -->
  <system-out/>
  <testcase classname="testNG.LoginCard91" name="KYCPortal" time="21.353"/>
  <system-out/>
  <testcase classname="testNG.LoginCard91" name="Edit_Webhook" time="0.000">
    <skipped/>
  </testcase> <!-- Edit_Webhook -->
  <system-out/>
  <testcase classname="testNG.LoginCard91" name="Login" time="13.748"/>
  <system-out/>
  <testcase classname="testNG.LoginCard91" name="Block_the_Card" time="3.215">
    <error message="element not interactable
  (Session info: chrome=108.0.5359.124)
Build info: version: &#039;4.7.2&#039;, revision: &#039;4d4020c3b7&#039;
System info: os.name: &#039;Mac OS X&#039;, os.arch: &#039;x86_64&#039;, os.version: &#039;13.0&#039;, java.version: &#039;17.0.1&#039;
Driver info: org.openqa.selenium.chrome.ChromeDriver
Command: [7768e005b00a881901f94e644f79efc2, clickElement {id=0db1c056-f6c9-4673-96f6-1e4c009ea399}]
Capabilities {acceptInsecureCerts: false, browserName: chrome, browserVersion: 108.0.5359.124, chrome: {chromedriverVersion: 108.0.5359.71 (1e0e3868ee06..., userDataDir: /var/folders/04/jv7ns3tj6w3...}, goog:chromeOptions: {debuggerAddress: localhost:65350}, networkConnectionEnabled: false, pageLoadStrategy: normal, platformName: MAC, proxy: Proxy(), se:cdp: ws://localhost:65350/devtoo..., se:cdpVersion: 108.0.5359.124, setWindowRect: true, strictFileInteractability: false, timeouts: {implicit: 0, pageLoad: 300000, script: 30000}, unhandledPromptBehavior: dismiss and notify, webauthn:extension:credBlob: true, webauthn:extension:largeBlob: true, webauthn:virtualAuthenticators: true}
Element: [[ChromeDriver: chrome on MAC (7768e005b00a881901f94e644f79efc2)] -&gt; xpath: //*[@class=&quot;btn submitBtn ml-2 btn-danger rounded-0&quot;]]
Session ID: 7768e005b00a881901f94e644f79efc2" type="org.openqa.selenium.ElementNotInteractableException">
      <![CDATA[org.openqa.selenium.ElementNotInteractableException: element not interactable
  (Session info: chrome=108.0.5359.124)
Build info: version: '4.7.2', revision: '4d4020c3b7'
System info: os.name: 'Mac OS X', os.arch: 'x86_64', os.version: '13.0', java.version: '17.0.1'
Driver info: org.openqa.selenium.chrome.ChromeDriver
Command: [7768e005b00a881901f94e644f79efc2, clickElement {id=0db1c056-f6c9-4673-96f6-1e4c009ea399}]
Capabilities {acceptInsecureCerts: false, browserName: chrome, browserVersion: 108.0.5359.124, chrome: {chromedriverVersion: 108.0.5359.71 (1e0e3868ee06..., userDataDir: /var/folders/04/jv7ns3tj6w3...}, goog:chromeOptions: {debuggerAddress: localhost:65350}, networkConnectionEnabled: false, pageLoadStrategy: normal, platformName: MAC, proxy: Proxy(), se:cdp: ws://localhost:65350/devtoo..., se:cdpVersion: 108.0.5359.124, setWindowRect: true, strictFileInteractability: false, timeouts: {implicit: 0, pageLoad: 300000, script: 30000}, unhandledPromptBehavior: dismiss and notify, webauthn:extension:credBlob: true, webauthn:extension:largeBlob: true, webauthn:virtualAuthenticators: true}
Element: [[ChromeDriver: chrome on MAC (7768e005b00a881901f94e644f79efc2)] -> xpath: //*[@class="btn submitBtn ml-2 btn-danger rounded-0"]]
Session ID: 7768e005b00a881901f94e644f79efc2
at java.base/jdk.internal.reflect.NativeConstructorAccessorImpl.newInstance0(Native Method)
at java.base/jdk.internal.reflect.NativeConstructorAccessorImpl.newInstance(NativeConstructorAccessorImpl.java:77)
at java.base/jdk.internal.reflect.DelegatingConstructorAccessorImpl.newInstance(DelegatingConstructorAccessorImpl.java:45)
at java.base/java.lang.reflect.Constructor.newInstanceWithCaller(Constructor.java:499)
at java.base/java.lang.reflect.Constructor.newInstance(Constructor.java:480)
at org.openqa.selenium.remote.codec.w3c.W3CHttpResponseCodec.createException(W3CHttpResponseCodec.java:200)
at org.openqa.selenium.remote.codec.w3c.W3CHttpResponseCodec.decode(W3CHttpResponseCodec.java:133)
at org.openqa.selenium.remote.codec.w3c.W3CHttpResponseCodec.decode(W3CHttpResponseCodec.java:53)
at org.openqa.selenium.remote.HttpCommandExecutor.execute(HttpCommandExecutor.java:184)
at org.openqa.selenium.remote.service.DriverCommandExecutor.invokeExecute(DriverCommandExecutor.java:167)
at org.openqa.selenium.remote.service.DriverCommandExecutor.execute(DriverCommandExecutor.java:142)
at org.openqa.selenium.remote.RemoteWebDriver.execute(RemoteWebDriver.java:535)
at org.openqa.selenium.remote.RemoteWebElement.execute(RemoteWebElement.java:257)
at org.openqa.selenium.remote.RemoteWebElement.click(RemoteWebElement.java:78)
at testNG.LoginCard91.Block_the_Card(LoginCard91.java:323)
at java.base/jdk.internal.reflect.NativeMethodAccessorImpl.invoke0(Native Method)
at java.base/jdk.internal.reflect.NativeMethodAccessorImpl.invoke(NativeMethodAccessorImpl.java:77)
at java.base/jdk.internal.reflect.DelegatingMethodAccessorImpl.invoke(DelegatingMethodAccessorImpl.java:43)
at java.base/java.lang.reflect.Method.invoke(Method.java:568)
at org.testng.internal.MethodInvocationHelper.invokeMethod(MethodInvocationHelper.java:133)
at org.testng.internal.TestInvoker.invokeMethod(TestInvoker.java:598)
at org.testng.internal.TestInvoker.invokeTestMethod(TestInvoker.java:173)
at org.testng.internal.MethodRunner.runInSequence(MethodRunner.java:46)
at org.testng.internal.TestInvoker$MethodInvocationAgent.invoke(TestInvoker.java:824)
at org.testng.internal.TestInvoker.invokeTestMethods(TestInvoker.java:146)
at org.testng.internal.TestMethodWorker.invokeTestMethods(TestMethodWorker.java:146)
at org.testng.internal.TestMethodWorker.run(TestMethodWorker.java:128)
at java.base/java.util.ArrayList.forEach(ArrayList.java:1511)
at org.testng.TestRunner.privateRun(TestRunner.java:794)
at org.testng.TestRunner.run(TestRunner.java:596)
at org.testng.SuiteRunner.runTest(SuiteRunner.java:377)
at org.testng.SuiteRunner.runSequentially(SuiteRunner.java:371)
at org.testng.SuiteRunner.privateRun(SuiteRunner.java:332)
at org.testng.SuiteRunner.run(SuiteRunner.java:276)
at org.testng.SuiteRunnerWorker.runSuite(SuiteRunnerWorker.java:53)
at org.testng.SuiteRunnerWorker.run(SuiteRunnerWorker.java:96)
at org.testng.TestNG.runSuitesSequentially(TestNG.java:1212)
at org.testng.TestNG.runSuitesLocally(TestNG.java:1134)
at org.testng.TestNG.runSuites(TestNG.java:1063)
at org.testng.TestNG.run(TestNG.java:1031)
at org.testng.remote.AbstractRemoteTestNG.run(AbstractRemoteTestNG.java:115)
at org.testng.remote.RemoteTestNG.initAndRun(RemoteTestNG.java:251)
at org.testng.remote.RemoteTestNG.main(RemoteTestNG.java:77)
]]>
    </error>
  </testcase> <!-- Block_the_Card -->
  <system-out/>
  <testcase classname="testNG.LoginCard91" name="Allocate_Money_to_SubOrg" time="0.000">
    <skipped/>
  </testcase> <!-- Allocate_Money_to_SubOrg -->
  <system-out/>
  <testcase classname="testNG.LoginCard91" name="Delete_Webhook" time="0.000">
    <skipped/>
  </testcase> <!-- Delete_Webhook -->
  <system-out/>
  <testcase classname="testNG.LoginCard91" name="Freeze_Unfreeze_the_Card" time="6.460"/>
  <system-out/>
  <testcase classname="testNG.LoginCard91" name="Demo_Txn" time="12.924"/>
  <system-out/>
  <testcase classname="testNG.LoginCard91" name="Delete_Admin" time="0.000">
    <skipped/>
  </testcase> <!-- Delete_Admin -->
  <system-out/>
  <testcase classname="testNG.LoginCard91" name="Load_Moneyto_Card" time="30.948"/>
  <system-out/>
  <testcase classname="testNG.LoginCard91" name="Sub_Org_Creation" time="0.000">
    <skipped/>
  </testcase> <!-- Sub_Org_Creation -->
  <system-out/>
  <testcase classname="testNG.LoginCard91" name="Card_Creation" time="16.812"/>
  <system-out/>
  <testcase classname="testNG.LoginCard91" name="Load_Money_to_Org" time="20.840"/>
  <system-out/>
  <testcase classname="testNG.LoginCard91" name="OrgCreation">
    <skipped/>
  </testcase> <!-- OrgCreation -->
  <system-out/>
</testsuite> <!-- testNG.LoginCard91 -->
